<?xml version="1.0" encoding="UTF-8"?>
<!-- Generated by org.testng.reporters.JUnitXMLReporter -->
<testsuite ignored="3" hostname="DESKTOP-KV5U899" failures="0" tests="1" name="Default test" time="19.879" errors="0" timestamp="2024-12-12T17:52:24 IST">
  <testcase classname="test.AddProductToCart" name="verifyAddProductToCartUsingQuickView" time="9.55"/>
  <testcase classname="test.AddProductToCart" name="VerifyRemoveAproductFromCartList" time="0.0">
    <ignored/>
  </testcase> <!-- VerifyRemoveAproductFromCartList -->
  <testcase classname="test.AddProductToCart" name="verifyAddingMultipleProductToCart" time="0.0">
    <ignored/>
  </testcase> <!-- verifyAddingMultipleProductToCart -->
  <testcase classname="test.AddProductToCart" name="verifyAddproductToCartUsingProductDetailPage" time="0.0">
    <ignored/>
  </testcase> <!-- verifyAddproductToCartUsingProductDetailPage -->
</testsuite> <!-- Default test -->
