<?xml version="1.0" encoding="UTF-8"?>
<!-- Generated by org.testng.reporters.JUnitXMLReporter -->
<testsuite ignored="1" hostname="DESKTOP-KV5U899" failures="0" tests="1" name="Default test" time="20.61" errors="0" timestamp="2024-12-16T14:37:24 IST">
  <testcase classname="test.ProductDetailViewTest" name="verifyProductDetailsAreCorrectlyViewUsingProductDetailPage" time="5.91"/>
  <testcase classname="test.ProductDetailViewTest" name="verifyIfProdutDetailsAreCorrectIfViewInQuickView" time="0.0">
    <ignored/>
  </testcase> <!-- verifyIfProdutDetailsAreCorrectIfViewInQuickView -->
</testsuite> <!-- Default test -->
