<?xml version="1.0" encoding="UTF-8"?>
<!-- Generated by org.testng.reporters.JUnitXMLReporter -->
<testsuite ignored="0" hostname="DESKTOP-KV5U899" failures="0" tests="10" name="ChromeTest" time="115.025" errors="0" timestamp="2024-12-19T19:15:44 IST">
  <testcase classname="test.ProductSearchTest" name="verifyIfUserIsAbleToSearchInalidProduct" time="2.175"/>
  <testcase classname="test.ProductSearchTest" name="verifyIfUserIsAbleToSearchValidProduct" time="2.232"/>
  <testcase classname="test.ProductDetailViewTest" name="verifyIfProdutDetailsAreCorrectIfViewInQuickView" time="3.023"/>
  <testcase classname="test.ProductDetailViewTest" name="verifyProductDetailsAreCorrectlyViewUsingProductDetailPage" time="4.04"/>
  <testcase classname="test.AddProductToCart" name="verifyAddProductToCartUsingQuickView" time="4.976"/>
  <testcase classname="test.AddProductToCart" name="verifyAddingMultipleProductToCart" time="5.388"/>
  <testcase classname="test.AddProductToCart" name="verifyAddproductToCartUsingProductDetailPage" time="5.544"/>
  <testcase classname="test.AddProductToCart" name="verifyRemoveAproductFromCartList" time="4.636"/>
  <testcase classname="test.AddProductToCart" name="verifyRemoveMultipleProductFromCartList" time="16.848"/>
  <testcase classname="test.ShoppingCategoriesTest" name="verifyOnClickingShoppingCategories" time="0.213"/>
</testsuite> <!-- ChromeTest -->
