<?xml version="1.0" encoding="UTF-8"?>
<!-- Generated by org.testng.reporters.JUnitXMLReporter -->
<testsuite ignored="0" hostname="DESKTOP-KV5U899" failures="0" tests="10" name="EdgeTest" time="151.394" errors="0" timestamp="2024-12-19T19:18:16 IST">
  <testcase classname="test.ProductSearchTest" name="verifyIfUserIsAbleToSearchInalidProduct" time="2.45"/>
  <testcase classname="test.ProductSearchTest" name="verifyIfUserIsAbleToSearchValidProduct" time="2.364"/>
  <testcase classname="test.ProductDetailViewTest" name="verifyIfProdutDetailsAreCorrectIfViewInQuickView" time="3.3"/>
  <testcase classname="test.ProductDetailViewTest" name="verifyProductDetailsAreCorrectlyViewUsingProductDetailPage" time="4.191"/>
  <testcase classname="test.AddProductToCart" name="verifyAddProductToCartUsingQuickView" time="4.805"/>
  <testcase classname="test.AddProductToCart" name="verifyAddingMultipleProductToCart" time="5.639"/>
  <testcase classname="test.AddProductToCart" name="verifyAddproductToCartUsingProductDetailPage" time="6.417"/>
  <testcase classname="test.AddProductToCart" name="verifyRemoveAproductFromCartList" time="7.598"/>
  <testcase classname="test.AddProductToCart" name="verifyRemoveMultipleProductFromCartList" time="11.664"/>
  <testcase classname="test.ShoppingCategoriesTest" name="verifyOnClickingShoppingCategories" time="0.212"/>
</testsuite> <!-- EdgeTest -->
