<?xml version="1.0" encoding="UTF-8"?>
<!-- Generated by org.testng.reporters.JUnitXMLReporter -->
<testsuite ignored="0" hostname="DESKTOP-KV5U899" failures="1" tests="3" name="Test" time="26.014" errors="0" timestamp="2024-12-12T18:05:43 IST">
  <testcase classname="test.ProductDetailViewTest" name="VerifyIfProdutDetailsAreCorrectIfViewInQuickView" time="4.784"/>
  <testcase classname="test.ProductDetailViewTest" name="VerifyProductDetailAreCorrectlyViewUsingProductDetailPage" time="1.432">
    <failure type="org.openqa.selenium.ElementClickInterceptedException" message="element click intercepted: Element &amp;lt;a href=&amp;quot;javascript:autoSuggestion.headerSearch()&amp;quot;&amp;gt;&amp;lt;/a&amp;gt; is not clickable at point (966, 94). Other element would receive the click: &amp;lt;div id=&amp;quot;square_Details&amp;quot;&amp;gt;...&amp;lt;/div&amp;gt;
  (Session info: chrome=131.0.6778.109)
Build info: version: &amp;apos;4.27.0&amp;apos;, revision: &amp;apos;d6e718d134&amp;apos;
System info: os.name: &amp;apos;Windows 11&amp;apos;, os.arch: &amp;apos;amd64&amp;apos;, os.version: &amp;apos;10.0&amp;apos;, java.version: &amp;apos;22.0.1&amp;apos;
Driver info: org.openqa.selenium.chrome.ChromeDriver
Command: [91e41817eeff6885440e52a5b9a6db25, clickElement {id=f.96095AF8FB1E1088AE34199877DF3092.d.6E10E1E222CE92E8E1AD7C0DAB72AE3A.e.40}]
Capabilities {acceptInsecureCerts: false, browserName: chrome, browserVersion: 131.0.6778.109, chrome: {chromedriverVersion: 131.0.6778.108 (3b014839fbc..., userDataDir: C:\Users\prati\AppData\Loca...}, fedcm:accounts: true, goog:chromeOptions: {debuggerAddress: localhost:54893}, networkConnectionEnabled: false, pageLoadStrategy: normal, platformName: windows, proxy: Proxy(), se:cdp: ws://localhost:54893/devtoo..., se:cdpVersion: 131.0.6778.109, setWindowRect: true, strictFileInteractability: false, timeouts: {implicit: 0, pageLoad: 300000, script: 30000}, unhandledPromptBehavior: dismiss and notify, webauthn:extension:credBlob: true, webauthn:extension:largeBlob: true, webauthn:extension:minPinLength: true, webauthn:extension:prf: true, webauthn:virtualAuthenticators: true}
Element: [[ChromeDriver: chrome on windows (91e41817eeff6885440e52a5b9a6db25)] -&amp;gt; xpath: (//div[@class=&amp;apos;search&amp;apos;]//a)[2]]
Session ID: 91e41817eeff6885440e52a5b9a6db25">
      <![CDATA[org.openqa.selenium.ElementClickInterceptedException: element click intercepted: Element <a href="javascript:autoSuggestion.headerSearch()"></a> is not clickable at point (966, 94). Other element would receive the click: <div id="square_Details">...</div>
  (Session info: chrome=131.0.6778.109)
Build info: version: '4.27.0', revision: 'd6e718d134'
System info: os.name: 'Windows 11', os.arch: 'amd64', os.version: '10.0', java.version: '22.0.1'
Driver info: org.openqa.selenium.chrome.ChromeDriver
Command: [91e41817eeff6885440e52a5b9a6db25, clickElement {id=f.96095AF8FB1E1088AE34199877DF3092.d.6E10E1E222CE92E8E1AD7C0DAB72AE3A.e.40}]
Capabilities {acceptInsecureCerts: false, browserName: chrome, browserVersion: 131.0.6778.109, chrome: {chromedriverVersion: 131.0.6778.108 (3b014839fbc..., userDataDir: C:\Users\prati\AppData\Loca...}, fedcm:accounts: true, goog:chromeOptions: {debuggerAddress: localhost:54893}, networkConnectionEnabled: false, pageLoadStrategy: normal, platformName: windows, proxy: Proxy(), se:cdp: ws://localhost:54893/devtoo..., se:cdpVersion: 131.0.6778.109, setWindowRect: true, strictFileInteractability: false, timeouts: {implicit: 0, pageLoad: 300000, script: 30000}, unhandledPromptBehavior: dismiss and notify, webauthn:extension:credBlob: true, webauthn:extension:largeBlob: true, webauthn:extension:minPinLength: true, webauthn:extension:prf: true, webauthn:virtualAuthenticators: true}
Element: [[ChromeDriver: chrome on windows (91e41817eeff6885440e52a5b9a6db25)] -> xpath: (//div[@class='search']//a)[2]]
Session ID: 91e41817eeff6885440e52a5b9a6db25
at org.openqa.selenium.remote.ErrorCodec.decode(ErrorCodec.java:167)
at org.openqa.selenium.remote.codec.w3c.W3CHttpResponseCodec.decode(W3CHttpResponseCodec.java:138)
at org.openqa.selenium.remote.codec.w3c.W3CHttpResponseCodec.decode(W3CHttpResponseCodec.java:50)
at org.openqa.selenium.remote.HttpCommandExecutor.execute(HttpCommandExecutor.java:190)
at org.openqa.selenium.remote.service.DriverCommandExecutor.invokeExecute(DriverCommandExecutor.java:216)
at org.openqa.selenium.remote.service.DriverCommandExecutor.execute(DriverCommandExecutor.java:174)
at org.openqa.selenium.remote.RemoteWebDriver.execute(RemoteWebDriver.java:545)
at org.openqa.selenium.remote.RemoteWebElement.execute(RemoteWebElement.java:223)
at org.openqa.selenium.remote.RemoteWebElement.click(RemoteWebElement.java:76)
at org.openqa.selenium.support.pagefactory.internal.LocatingElementHandler.invoke(LocatingElementHandler.java:51)
at jdk.proxy2/jdk.proxy2.$Proxy15.click(Unknown Source)
at pom.NaaptolHomePage.ClickOnSearch(NaaptolHomePage.java:32)
at test.ProductDetailViewTest.VerifyProductDetailAreCorrectlyViewUsingProductDetailPage(ProductDetailViewTest.java:44)
at java.base/java.util.ArrayList.forEach(ArrayList.java:1597)
... Removed 30 stack frames]]>
    </failure>
  </testcase> <!-- VerifyProductDetailAreCorrectlyViewUsingProductDetailPage -->
  <testcase classname="test.ShoppingCategoriesTest" name="VerifyOnClickingShoppingCategories" time="0.325"/>
</testsuite> <!-- Test -->
