<?xml version="1.0" encoding="UTF-8"?>
<testng-results ignored="0" total="20" passed="20" failed="0" skipped="0">
  <reporter-output>
  </reporter-output>
  <suite started-at="2024-12-19T19:13:49 IST" name="Suite" finished-at="2024-12-19T19:18:16 IST" duration-ms="266455">
    <groups>
    </groups>
    <test started-at="2024-12-19T19:13:49 IST" name="ChromeTest" finished-at="2024-12-19T19:15:44 IST" duration-ms="115025">
      <class name="test.ShoppingCategoriesTest">
        <test-method is-config="true" signature="configureReports()[pri:0, instance:test.ShoppingCategoriesTest@b2c9a9c]" started-at="2024-12-19T19:13:50 IST" name="configureReports" finished-at="2024-12-19T19:13:50 IST" duration-ms="1" status="PASS">
          <reporter-output>
          </reporter-output>
        </test-method> <!-- configureReports -->
        <test-method is-config="true" signature="launchApplication(java.lang.String)[pri:0, instance:test.ShoppingCategoriesTest@b2c9a9c]" started-at="2024-12-19T19:15:37 IST" name="launchApplication" finished-at="2024-12-19T19:15:44 IST" duration-ms="6630" status="PASS">
          <params>
            <param index="0">
              <value>
                <![CDATA[chrome]]>
              </value>
            </param>
          </params>
          <reporter-output>
          </reporter-output>
        </test-method> <!-- launchApplication -->
        <test-method signature="verifyOnClickingShoppingCategories()[pri:0, instance:test.ShoppingCategoriesTest@b2c9a9c]" started-at="2024-12-19T19:15:44 IST" name="verifyOnClickingShoppingCategories" finished-at="2024-12-19T19:15:44 IST" duration-ms="213" status="PASS">
          <reporter-output>
          </reporter-output>
        </test-method> <!-- verifyOnClickingShoppingCategories -->
        <test-method is-config="true" signature="closeBrowser()[pri:0, instance:test.ShoppingCategoriesTest@b2c9a9c]" started-at="2024-12-19T19:15:44 IST" name="closeBrowser" finished-at="2024-12-19T19:15:44 IST" duration-ms="166" status="PASS">
          <reporter-output>
          </reporter-output>
        </test-method> <!-- closeBrowser -->
      </class> <!-- test.ShoppingCategoriesTest -->
      <class name="test.ProductSearchTest">
        <test-method is-config="true" signature="configureReports()[pri:0, instance:test.ProductSearchTest@1ff4931d]" started-at="2024-12-19T19:13:50 IST" name="configureReports" finished-at="2024-12-19T19:13:50 IST" duration-ms="0" status="PASS">
          <reporter-output>
          </reporter-output>
        </test-method> <!-- configureReports -->
        <test-method is-config="true" signature="launchApplication(java.lang.String)[pri:0, instance:test.ProductSearchTest@1ff4931d]" started-at="2024-12-19T19:13:50 IST" name="launchApplication" finished-at="2024-12-19T19:13:56 IST" duration-ms="6856" status="PASS">
          <params>
            <param index="0">
              <value>
                <![CDATA[chrome]]>
              </value>
            </param>
          </params>
          <reporter-output>
          </reporter-output>
        </test-method> <!-- launchApplication -->
        <test-method signature="verifyIfUserIsAbleToSearchInalidProduct()[pri:0, instance:test.ProductSearchTest@1ff4931d]" started-at="2024-12-19T19:13:56 IST" name="verifyIfUserIsAbleToSearchInalidProduct" finished-at="2024-12-19T19:13:59 IST" duration-ms="2175" status="PASS">
          <reporter-output>
          </reporter-output>
        </test-method> <!-- verifyIfUserIsAbleToSearchInalidProduct -->
        <test-method is-config="true" signature="closeBrowser()[pri:0, instance:test.ProductSearchTest@1ff4931d]" started-at="2024-12-19T19:13:59 IST" name="closeBrowser" finished-at="2024-12-19T19:13:59 IST" duration-ms="206" status="PASS">
          <reporter-output>
          </reporter-output>
        </test-method> <!-- closeBrowser -->
        <test-method is-config="true" signature="launchApplication(java.lang.String)[pri:0, instance:test.ProductSearchTest@1ff4931d]" started-at="2024-12-19T19:13:59 IST" name="launchApplication" finished-at="2024-12-19T19:14:05 IST" duration-ms="6174" status="PASS">
          <params>
            <param index="0">
              <value>
                <![CDATA[chrome]]>
              </value>
            </param>
          </params>
          <reporter-output>
          </reporter-output>
        </test-method> <!-- launchApplication -->
        <test-method signature="verifyIfUserIsAbleToSearchValidProduct()[pri:0, instance:test.ProductSearchTest@1ff4931d]" started-at="2024-12-19T19:14:05 IST" name="verifyIfUserIsAbleToSearchValidProduct" finished-at="2024-12-19T19:14:07 IST" duration-ms="2232" status="PASS">
          <reporter-output>
          </reporter-output>
        </test-method> <!-- verifyIfUserIsAbleToSearchValidProduct -->
        <test-method is-config="true" signature="closeBrowser()[pri:0, instance:test.ProductSearchTest@1ff4931d]" started-at="2024-12-19T19:14:07 IST" name="closeBrowser" finished-at="2024-12-19T19:14:07 IST" duration-ms="218" status="PASS">
          <reporter-output>
          </reporter-output>
        </test-method> <!-- closeBrowser -->
      </class> <!-- test.ProductSearchTest -->
      <class name="test.AddProductToCart">
        <test-method is-config="true" signature="configureReports()[pri:0, instance:test.AddProductToCart@2362f559]" started-at="2024-12-19T19:13:49 IST" name="configureReports" finished-at="2024-12-19T19:13:50 IST" duration-ms="147" status="PASS">
          <reporter-output>
          </reporter-output>
        </test-method> <!-- configureReports -->
        <test-method is-config="true" signature="launchApplication(java.lang.String)[pri:0, instance:test.AddProductToCart@2362f559]" started-at="2024-12-19T19:14:27 IST" name="launchApplication" finished-at="2024-12-19T19:14:33 IST" duration-ms="5686" status="PASS">
          <params>
            <param index="0">
              <value>
                <![CDATA[chrome]]>
              </value>
            </param>
          </params>
          <reporter-output>
          </reporter-output>
        </test-method> <!-- launchApplication -->
        <test-method signature="verifyAddProductToCartUsingQuickView()[pri:0, instance:test.AddProductToCart@2362f559]" started-at="2024-12-19T19:14:33 IST" name="verifyAddProductToCartUsingQuickView" finished-at="2024-12-19T19:14:38 IST" duration-ms="4976" status="PASS">
          <reporter-output>
          </reporter-output>
        </test-method> <!-- verifyAddProductToCartUsingQuickView -->
        <test-method is-config="true" signature="closeBrowser()[pri:0, instance:test.AddProductToCart@2362f559]" started-at="2024-12-19T19:14:38 IST" name="closeBrowser" finished-at="2024-12-19T19:14:38 IST" duration-ms="126" status="PASS">
          <reporter-output>
          </reporter-output>
        </test-method> <!-- closeBrowser -->
        <test-method is-config="true" signature="launchApplication(java.lang.String)[pri:0, instance:test.AddProductToCart@2362f559]" started-at="2024-12-19T19:14:38 IST" name="launchApplication" finished-at="2024-12-19T19:14:44 IST" duration-ms="6133" status="PASS">
          <params>
            <param index="0">
              <value>
                <![CDATA[chrome]]>
              </value>
            </param>
          </params>
          <reporter-output>
          </reporter-output>
        </test-method> <!-- launchApplication -->
        <test-method signature="verifyAddingMultipleProductToCart()[pri:0, instance:test.AddProductToCart@2362f559]" started-at="2024-12-19T19:14:44 IST" name="verifyAddingMultipleProductToCart" finished-at="2024-12-19T19:14:50 IST" duration-ms="5388" status="PASS">
          <reporter-output>
          </reporter-output>
        </test-method> <!-- verifyAddingMultipleProductToCart -->
        <test-method is-config="true" signature="closeBrowser()[pri:0, instance:test.AddProductToCart@2362f559]" started-at="2024-12-19T19:14:50 IST" name="closeBrowser" finished-at="2024-12-19T19:14:50 IST" duration-ms="161" status="PASS">
          <reporter-output>
          </reporter-output>
        </test-method> <!-- closeBrowser -->
        <test-method is-config="true" signature="launchApplication(java.lang.String)[pri:0, instance:test.AddProductToCart@2362f559]" started-at="2024-12-19T19:14:50 IST" name="launchApplication" finished-at="2024-12-19T19:14:56 IST" duration-ms="6167" status="PASS">
          <params>
            <param index="0">
              <value>
                <![CDATA[chrome]]>
              </value>
            </param>
          </params>
          <reporter-output>
          </reporter-output>
        </test-method> <!-- launchApplication -->
        <test-method signature="verifyAddproductToCartUsingProductDetailPage()[pri:0, instance:test.AddProductToCart@2362f559]" started-at="2024-12-19T19:14:56 IST" name="verifyAddproductToCartUsingProductDetailPage" finished-at="2024-12-19T19:15:02 IST" duration-ms="5544" status="PASS">
          <reporter-output>
          </reporter-output>
        </test-method> <!-- verifyAddproductToCartUsingProductDetailPage -->
        <test-method is-config="true" signature="closeBrowser()[pri:0, instance:test.AddProductToCart@2362f559]" started-at="2024-12-19T19:15:02 IST" name="closeBrowser" finished-at="2024-12-19T19:15:02 IST" duration-ms="67" status="PASS">
          <reporter-output>
          </reporter-output>
        </test-method> <!-- closeBrowser -->
        <test-method is-config="true" signature="launchApplication(java.lang.String)[pri:0, instance:test.AddProductToCart@2362f559]" started-at="2024-12-19T19:15:02 IST" name="launchApplication" finished-at="2024-12-19T19:15:08 IST" duration-ms="6149" status="PASS">
          <params>
            <param index="0">
              <value>
                <![CDATA[chrome]]>
              </value>
            </param>
          </params>
          <reporter-output>
          </reporter-output>
        </test-method> <!-- launchApplication -->
        <test-method signature="verifyRemoveAproductFromCartList()[pri:0, instance:test.AddProductToCart@2362f559]" started-at="2024-12-19T19:15:08 IST" name="verifyRemoveAproductFromCartList" finished-at="2024-12-19T19:15:13 IST" duration-ms="4636" status="PASS">
          <reporter-output>
          </reporter-output>
        </test-method> <!-- verifyRemoveAproductFromCartList -->
        <test-method is-config="true" signature="closeBrowser()[pri:0, instance:test.AddProductToCart@2362f559]" started-at="2024-12-19T19:15:13 IST" name="closeBrowser" finished-at="2024-12-19T19:15:13 IST" duration-ms="73" status="PASS">
          <reporter-output>
          </reporter-output>
        </test-method> <!-- closeBrowser -->
        <test-method is-config="true" signature="launchApplication(java.lang.String)[pri:0, instance:test.AddProductToCart@2362f559]" started-at="2024-12-19T19:15:13 IST" name="launchApplication" finished-at="2024-12-19T19:15:20 IST" duration-ms="7779" status="PASS">
          <params>
            <param index="0">
              <value>
                <![CDATA[chrome]]>
              </value>
            </param>
          </params>
          <reporter-output>
          </reporter-output>
        </test-method> <!-- launchApplication -->
        <test-method signature="verifyRemoveMultipleProductFromCartList()[pri:0, instance:test.AddProductToCart@2362f559]" started-at="2024-12-19T19:15:20 IST" name="verifyRemoveMultipleProductFromCartList" finished-at="2024-12-19T19:15:37 IST" duration-ms="16848" status="PASS">
          <reporter-output>
          </reporter-output>
        </test-method> <!-- verifyRemoveMultipleProductFromCartList -->
        <test-method is-config="true" signature="closeBrowser()[pri:0, instance:test.AddProductToCart@2362f559]" started-at="2024-12-19T19:15:37 IST" name="closeBrowser" finished-at="2024-12-19T19:15:37 IST" duration-ms="132" status="PASS">
          <reporter-output>
          </reporter-output>
        </test-method> <!-- closeBrowser -->
      </class> <!-- test.AddProductToCart -->
      <class name="test.ProductDetailViewTest">
        <test-method is-config="true" signature="configureReports()[pri:0, instance:test.ProductDetailViewTest@8297b3a]" started-at="2024-12-19T19:13:50 IST" name="configureReports" finished-at="2024-12-19T19:13:50 IST" duration-ms="1" status="PASS">
          <reporter-output>
          </reporter-output>
        </test-method> <!-- configureReports -->
        <test-method is-config="true" signature="launchApplication(java.lang.String)[pri:0, instance:test.ProductDetailViewTest@8297b3a]" started-at="2024-12-19T19:14:07 IST" name="launchApplication" finished-at="2024-12-19T19:14:13 IST" duration-ms="6039" status="PASS">
          <params>
            <param index="0">
              <value>
                <![CDATA[chrome]]>
              </value>
            </param>
          </params>
          <reporter-output>
          </reporter-output>
        </test-method> <!-- launchApplication -->
        <test-method signature="verifyIfProdutDetailsAreCorrectIfViewInQuickView()[pri:0, instance:test.ProductDetailViewTest@8297b3a]" started-at="2024-12-19T19:14:13 IST" name="verifyIfProdutDetailsAreCorrectIfViewInQuickView" finished-at="2024-12-19T19:14:16 IST" duration-ms="3023" status="PASS">
          <reporter-output>
          </reporter-output>
        </test-method> <!-- verifyIfProdutDetailsAreCorrectIfViewInQuickView -->
        <test-method is-config="true" signature="closeBrowser()[pri:0, instance:test.ProductDetailViewTest@8297b3a]" started-at="2024-12-19T19:14:16 IST" name="closeBrowser" finished-at="2024-12-19T19:14:17 IST" duration-ms="204" status="PASS">
          <reporter-output>
          </reporter-output>
        </test-method> <!-- closeBrowser -->
        <test-method is-config="true" signature="launchApplication(java.lang.String)[pri:0, instance:test.ProductDetailViewTest@8297b3a]" started-at="2024-12-19T19:14:17 IST" name="launchApplication" finished-at="2024-12-19T19:14:23 IST" duration-ms="6687" status="PASS">
          <params>
            <param index="0">
              <value>
                <![CDATA[chrome]]>
              </value>
            </param>
          </params>
          <reporter-output>
          </reporter-output>
        </test-method> <!-- launchApplication -->
        <test-method signature="verifyProductDetailsAreCorrectlyViewUsingProductDetailPage()[pri:0, instance:test.ProductDetailViewTest@8297b3a]" started-at="2024-12-19T19:14:23 IST" name="verifyProductDetailsAreCorrectlyViewUsingProductDetailPage" finished-at="2024-12-19T19:14:27 IST" duration-ms="4040" status="PASS">
          <reporter-output>
          </reporter-output>
        </test-method> <!-- verifyProductDetailsAreCorrectlyViewUsingProductDetailPage -->
        <test-method is-config="true" signature="closeBrowser()[pri:0, instance:test.ProductDetailViewTest@8297b3a]" started-at="2024-12-19T19:14:27 IST" name="closeBrowser" finished-at="2024-12-19T19:14:27 IST" duration-ms="68" status="PASS">
          <reporter-output>
          </reporter-output>
        </test-method> <!-- closeBrowser -->
      </class> <!-- test.ProductDetailViewTest -->
    </test> <!-- ChromeTest -->
    <test started-at="2024-12-19T19:15:44 IST" name="EdgeTest" finished-at="2024-12-19T19:18:16 IST" duration-ms="151394">
      <class name="test.ShoppingCategoriesTest">
        <test-method is-config="true" signature="configureReports()[pri:0, instance:test.ShoppingCategoriesTest@37271612]" started-at="2024-12-19T19:15:44 IST" name="configureReports" finished-at="2024-12-19T19:15:44 IST" duration-ms="1" status="PASS">
          <reporter-output>
          </reporter-output>
        </test-method> <!-- configureReports -->
        <test-method is-config="true" signature="launchApplication(java.lang.String)[pri:0, instance:test.ShoppingCategoriesTest@37271612]" started-at="2024-12-19T19:18:05 IST" name="launchApplication" finished-at="2024-12-19T19:18:15 IST" duration-ms="10401" status="PASS">
          <params>
            <param index="0">
              <value>
                <![CDATA[edge]]>
              </value>
            </param>
          </params>
          <reporter-output>
          </reporter-output>
        </test-method> <!-- launchApplication -->
        <test-method signature="verifyOnClickingShoppingCategories()[pri:0, instance:test.ShoppingCategoriesTest@37271612]" started-at="2024-12-19T19:18:15 IST" name="verifyOnClickingShoppingCategories" finished-at="2024-12-19T19:18:16 IST" duration-ms="212" status="PASS">
          <reporter-output>
          </reporter-output>
        </test-method> <!-- verifyOnClickingShoppingCategories -->
        <test-method is-config="true" signature="closeBrowser()[pri:0, instance:test.ShoppingCategoriesTest@37271612]" started-at="2024-12-19T19:18:16 IST" name="closeBrowser" finished-at="2024-12-19T19:18:16 IST" duration-ms="229" status="PASS">
          <reporter-output>
          </reporter-output>
        </test-method> <!-- closeBrowser -->
      </class> <!-- test.ShoppingCategoriesTest -->
      <class name="test.ProductSearchTest">
        <test-method is-config="true" signature="configureReports()[pri:0, instance:test.ProductSearchTest@c86b9e3]" started-at="2024-12-19T19:15:44 IST" name="configureReports" finished-at="2024-12-19T19:15:44 IST" duration-ms="1" status="PASS">
          <reporter-output>
          </reporter-output>
        </test-method> <!-- configureReports -->
        <test-method is-config="true" signature="launchApplication(java.lang.String)[pri:0, instance:test.ProductSearchTest@c86b9e3]" started-at="2024-12-19T19:15:44 IST" name="launchApplication" finished-at="2024-12-19T19:15:54 IST" duration-ms="9323" status="PASS">
          <params>
            <param index="0">
              <value>
                <![CDATA[edge]]>
              </value>
            </param>
          </params>
          <reporter-output>
          </reporter-output>
        </test-method> <!-- launchApplication -->
        <test-method signature="verifyIfUserIsAbleToSearchInalidProduct()[pri:0, instance:test.ProductSearchTest@c86b9e3]" started-at="2024-12-19T19:15:54 IST" name="verifyIfUserIsAbleToSearchInalidProduct" finished-at="2024-12-19T19:15:56 IST" duration-ms="2450" status="PASS">
          <reporter-output>
          </reporter-output>
        </test-method> <!-- verifyIfUserIsAbleToSearchInalidProduct -->
        <test-method is-config="true" signature="closeBrowser()[pri:0, instance:test.ProductSearchTest@c86b9e3]" started-at="2024-12-19T19:15:56 IST" name="closeBrowser" finished-at="2024-12-19T19:15:56 IST" duration-ms="217" status="PASS">
          <reporter-output>
          </reporter-output>
        </test-method> <!-- closeBrowser -->
        <test-method is-config="true" signature="launchApplication(java.lang.String)[pri:0, instance:test.ProductSearchTest@c86b9e3]" started-at="2024-12-19T19:15:56 IST" name="launchApplication" finished-at="2024-12-19T19:16:06 IST" duration-ms="9945" status="PASS">
          <params>
            <param index="0">
              <value>
                <![CDATA[edge]]>
              </value>
            </param>
          </params>
          <reporter-output>
          </reporter-output>
        </test-method> <!-- launchApplication -->
        <test-method signature="verifyIfUserIsAbleToSearchValidProduct()[pri:0, instance:test.ProductSearchTest@c86b9e3]" started-at="2024-12-19T19:16:06 IST" name="verifyIfUserIsAbleToSearchValidProduct" finished-at="2024-12-19T19:16:09 IST" duration-ms="2364" status="PASS">
          <reporter-output>
          </reporter-output>
        </test-method> <!-- verifyIfUserIsAbleToSearchValidProduct -->
        <test-method is-config="true" signature="closeBrowser()[pri:0, instance:test.ProductSearchTest@c86b9e3]" started-at="2024-12-19T19:16:09 IST" name="closeBrowser" finished-at="2024-12-19T19:16:09 IST" duration-ms="190" status="PASS">
          <reporter-output>
          </reporter-output>
        </test-method> <!-- closeBrowser -->
      </class> <!-- test.ProductSearchTest -->
      <class name="test.AddProductToCart">
        <test-method is-config="true" signature="configureReports()[pri:0, instance:test.AddProductToCart@3af9c5b7]" started-at="2024-12-19T19:15:44 IST" name="configureReports" finished-at="2024-12-19T19:15:44 IST" duration-ms="1" status="PASS">
          <reporter-output>
          </reporter-output>
        </test-method> <!-- configureReports -->
        <test-method is-config="true" signature="launchApplication(java.lang.String)[pri:0, instance:test.AddProductToCart@3af9c5b7]" started-at="2024-12-19T19:16:36 IST" name="launchApplication" finished-at="2024-12-19T19:16:46 IST" duration-ms="9983" status="PASS">
          <params>
            <param index="0">
              <value>
                <![CDATA[edge]]>
              </value>
            </param>
          </params>
          <reporter-output>
          </reporter-output>
        </test-method> <!-- launchApplication -->
        <test-method signature="verifyAddProductToCartUsingQuickView()[pri:0, instance:test.AddProductToCart@3af9c5b7]" started-at="2024-12-19T19:16:46 IST" name="verifyAddProductToCartUsingQuickView" finished-at="2024-12-19T19:16:50 IST" duration-ms="4805" status="PASS">
          <reporter-output>
          </reporter-output>
        </test-method> <!-- verifyAddProductToCartUsingQuickView -->
        <test-method is-config="true" signature="closeBrowser()[pri:0, instance:test.AddProductToCart@3af9c5b7]" started-at="2024-12-19T19:16:50 IST" name="closeBrowser" finished-at="2024-12-19T19:16:51 IST" duration-ms="217" status="PASS">
          <reporter-output>
          </reporter-output>
        </test-method> <!-- closeBrowser -->
        <test-method is-config="true" signature="launchApplication(java.lang.String)[pri:0, instance:test.AddProductToCart@3af9c5b7]" started-at="2024-12-19T19:16:51 IST" name="launchApplication" finished-at="2024-12-19T19:17:00 IST" duration-ms="9118" status="PASS">
          <params>
            <param index="0">
              <value>
                <![CDATA[edge]]>
              </value>
            </param>
          </params>
          <reporter-output>
          </reporter-output>
        </test-method> <!-- launchApplication -->
        <test-method signature="verifyAddingMultipleProductToCart()[pri:0, instance:test.AddProductToCart@3af9c5b7]" started-at="2024-12-19T19:17:00 IST" name="verifyAddingMultipleProductToCart" finished-at="2024-12-19T19:17:05 IST" duration-ms="5639" status="PASS">
          <reporter-output>
          </reporter-output>
        </test-method> <!-- verifyAddingMultipleProductToCart -->
        <test-method is-config="true" signature="closeBrowser()[pri:0, instance:test.AddProductToCart@3af9c5b7]" started-at="2024-12-19T19:17:05 IST" name="closeBrowser" finished-at="2024-12-19T19:17:06 IST" duration-ms="188" status="PASS">
          <reporter-output>
          </reporter-output>
        </test-method> <!-- closeBrowser -->
        <test-method is-config="true" signature="launchApplication(java.lang.String)[pri:0, instance:test.AddProductToCart@3af9c5b7]" started-at="2024-12-19T19:17:06 IST" name="launchApplication" finished-at="2024-12-19T19:17:15 IST" duration-ms="9185" status="PASS">
          <params>
            <param index="0">
              <value>
                <![CDATA[edge]]>
              </value>
            </param>
          </params>
          <reporter-output>
          </reporter-output>
        </test-method> <!-- launchApplication -->
        <test-method signature="verifyAddproductToCartUsingProductDetailPage()[pri:0, instance:test.AddProductToCart@3af9c5b7]" started-at="2024-12-19T19:17:15 IST" name="verifyAddproductToCartUsingProductDetailPage" finished-at="2024-12-19T19:17:21 IST" duration-ms="6417" status="PASS">
          <reporter-output>
          </reporter-output>
        </test-method> <!-- verifyAddproductToCartUsingProductDetailPage -->
        <test-method is-config="true" signature="closeBrowser()[pri:0, instance:test.AddProductToCart@3af9c5b7]" started-at="2024-12-19T19:17:21 IST" name="closeBrowser" finished-at="2024-12-19T19:17:21 IST" duration-ms="62" status="PASS">
          <reporter-output>
          </reporter-output>
        </test-method> <!-- closeBrowser -->
        <test-method is-config="true" signature="launchApplication(java.lang.String)[pri:0, instance:test.AddProductToCart@3af9c5b7]" started-at="2024-12-19T19:17:21 IST" name="launchApplication" finished-at="2024-12-19T19:17:36 IST" duration-ms="14545" status="PASS">
          <params>
            <param index="0">
              <value>
                <![CDATA[edge]]>
              </value>
            </param>
          </params>
          <reporter-output>
          </reporter-output>
        </test-method> <!-- launchApplication -->
        <test-method signature="verifyRemoveAproductFromCartList()[pri:0, instance:test.AddProductToCart@3af9c5b7]" started-at="2024-12-19T19:17:36 IST" name="verifyRemoveAproductFromCartList" finished-at="2024-12-19T19:17:43 IST" duration-ms="7598" status="PASS">
          <reporter-output>
          </reporter-output>
        </test-method> <!-- verifyRemoveAproductFromCartList -->
        <test-method is-config="true" signature="closeBrowser()[pri:0, instance:test.AddProductToCart@3af9c5b7]" started-at="2024-12-19T19:17:43 IST" name="closeBrowser" finished-at="2024-12-19T19:17:43 IST" duration-ms="61" status="PASS">
          <reporter-output>
          </reporter-output>
        </test-method> <!-- closeBrowser -->
        <test-method is-config="true" signature="launchApplication(java.lang.String)[pri:0, instance:test.AddProductToCart@3af9c5b7]" started-at="2024-12-19T19:17:43 IST" name="launchApplication" finished-at="2024-12-19T19:17:53 IST" duration-ms="9647" status="PASS">
          <params>
            <param index="0">
              <value>
                <![CDATA[edge]]>
              </value>
            </param>
          </params>
          <reporter-output>
          </reporter-output>
        </test-method> <!-- launchApplication -->
        <test-method signature="verifyRemoveMultipleProductFromCartList()[pri:0, instance:test.AddProductToCart@3af9c5b7]" started-at="2024-12-19T19:17:53 IST" name="verifyRemoveMultipleProductFromCartList" finished-at="2024-12-19T19:18:05 IST" duration-ms="11664" status="PASS">
          <reporter-output>
          </reporter-output>
        </test-method> <!-- verifyRemoveMultipleProductFromCartList -->
        <test-method is-config="true" signature="closeBrowser()[pri:0, instance:test.AddProductToCart@3af9c5b7]" started-at="2024-12-19T19:18:05 IST" name="closeBrowser" finished-at="2024-12-19T19:18:05 IST" duration-ms="233" status="PASS">
          <reporter-output>
          </reporter-output>
        </test-method> <!-- closeBrowser -->
      </class> <!-- test.AddProductToCart -->
      <class name="test.ProductDetailViewTest">
        <test-method is-config="true" signature="configureReports()[pri:0, instance:test.ProductDetailViewTest@10aa41f2]" started-at="2024-12-19T19:15:44 IST" name="configureReports" finished-at="2024-12-19T19:15:44 IST" duration-ms="1" status="PASS">
          <reporter-output>
          </reporter-output>
        </test-method> <!-- configureReports -->
        <test-method is-config="true" signature="launchApplication(java.lang.String)[pri:0, instance:test.ProductDetailViewTest@10aa41f2]" started-at="2024-12-19T19:16:09 IST" name="launchApplication" finished-at="2024-12-19T19:16:19 IST" duration-ms="9631" status="PASS">
          <params>
            <param index="0">
              <value>
                <![CDATA[edge]]>
              </value>
            </param>
          </params>
          <reporter-output>
          </reporter-output>
        </test-method> <!-- launchApplication -->
        <test-method signature="verifyIfProdutDetailsAreCorrectIfViewInQuickView()[pri:0, instance:test.ProductDetailViewTest@10aa41f2]" started-at="2024-12-19T19:16:19 IST" name="verifyIfProdutDetailsAreCorrectIfViewInQuickView" finished-at="2024-12-19T19:16:22 IST" duration-ms="3300" status="PASS">
          <reporter-output>
          </reporter-output>
        </test-method> <!-- verifyIfProdutDetailsAreCorrectIfViewInQuickView -->
        <test-method is-config="true" signature="closeBrowser()[pri:0, instance:test.ProductDetailViewTest@10aa41f2]" started-at="2024-12-19T19:16:22 IST" name="closeBrowser" finished-at="2024-12-19T19:16:22 IST" duration-ms="165" status="PASS">
          <reporter-output>
          </reporter-output>
        </test-method> <!-- closeBrowser -->
        <test-method is-config="true" signature="launchApplication(java.lang.String)[pri:0, instance:test.ProductDetailViewTest@10aa41f2]" started-at="2024-12-19T19:16:22 IST" name="launchApplication" finished-at="2024-12-19T19:16:31 IST" duration-ms="9302" status="PASS">
          <params>
            <param index="0">
              <value>
                <![CDATA[edge]]>
              </value>
            </param>
          </params>
          <reporter-output>
          </reporter-output>
        </test-method> <!-- launchApplication -->
        <test-method signature="verifyProductDetailsAreCorrectlyViewUsingProductDetailPage()[pri:0, instance:test.ProductDetailViewTest@10aa41f2]" started-at="2024-12-19T19:16:31 IST" name="verifyProductDetailsAreCorrectlyViewUsingProductDetailPage" finished-at="2024-12-19T19:16:36 IST" duration-ms="4191" status="PASS">
          <reporter-output>
          </reporter-output>
        </test-method> <!-- verifyProductDetailsAreCorrectlyViewUsingProductDetailPage -->
        <test-method is-config="true" signature="closeBrowser()[pri:0, instance:test.ProductDetailViewTest@10aa41f2]" started-at="2024-12-19T19:16:36 IST" name="closeBrowser" finished-at="2024-12-19T19:16:36 IST" duration-ms="72" status="PASS">
          <reporter-output>
          </reporter-output>
        </test-method> <!-- closeBrowser -->
      </class> <!-- test.ProductDetailViewTest -->
    </test> <!-- EdgeTest -->
  </suite> <!-- Suite -->
</testng-results>
